\BOOKMARK [0][-]{chapter.1}{1 Introduction}{}% 1
\BOOKMARK [0][-]{chapter.2}{2 Related Work}{}% 2
\BOOKMARK [1][-]{section.2.1}{2.1 Zeeguu}{chapter.2}% 3
\BOOKMARK [2][-]{subsection.2.1.1}{2.1.1 Chrome plugin}{section.2.1}% 4
\BOOKMARK [2][-]{subsection.2.1.2}{2.1.2 Android applications}{section.2.1}% 5
\BOOKMARK [2][-]{subsection.2.1.3}{2.1.3 iOS application}{section.2.1}% 6
\BOOKMARK [1][-]{section.2.2}{2.2 Comparable research projects}{chapter.2}% 7
\BOOKMARK [1][-]{section.2.3}{2.3 The best way to study words}{chapter.2}% 8
\BOOKMARK [0][-]{chapter.3}{3 The Design}{}% 9
\BOOKMARK [1][-]{section.3.1}{3.1 Login screen}{chapter.3}% 10
\BOOKMARK [1][-]{section.3.2}{3.2 Main screen}{chapter.3}% 11
\BOOKMARK [2][-]{subsection.3.2.1}{3.2.1 Time}{section.3.2}% 12
\BOOKMARK [2][-]{subsection.3.2.2}{3.2.2 Words}{section.3.2}% 13
\BOOKMARK [2][-]{subsection.3.2.3}{3.2.3 Background}{section.3.2}% 14
\BOOKMARK [2][-]{subsection.3.2.4}{3.2.4 Buttons}{section.3.2}% 15
\BOOKMARK [2][-]{subsection.3.2.5}{3.2.5 Information components}{section.3.2}% 16
\BOOKMARK [2][-]{subsection.3.2.6}{3.2.6 Option lists}{section.3.2}% 17
\BOOKMARK [2][-]{subsection.3.2.7}{3.2.7 Profile}{section.3.2}% 18
\BOOKMARK [2][-]{subsection.3.2.8}{3.2.8 Effects}{section.3.2}% 19
\BOOKMARK [0][-]{chapter.4}{4 The Implementation}{}% 20
\BOOKMARK [1][-]{section.4.1}{4.1 Flash card algorithm}{chapter.4}% 21
\BOOKMARK [1][-]{section.4.2}{4.2 Getting new words from the server}{chapter.4}% 22
\BOOKMARK [1][-]{section.4.3}{4.3 Usage Tracking}{chapter.4}% 23
\BOOKMARK [2][-]{subsection.4.3.1}{4.3.1 Events}{section.4.3}% 24
\BOOKMARK [2][-]{subsection.4.3.2}{4.3.2 Touch tracking}{section.4.3}% 25
\BOOKMARK [1][-]{section.4.4}{4.4 Changing the watchface and sending and saving the events and taps}{chapter.4}% 26
\BOOKMARK [1][-]{section.4.5}{4.5 Drawing the user interface}{chapter.4}% 27
\BOOKMARK [1][-]{section.4.6}{4.6 Testing}{chapter.4}% 28
\BOOKMARK [0][-]{chapter.5}{5 Usage Study}{}% 29
\BOOKMARK [1][-]{section.5.1}{5.1 Usage results}{chapter.5}% 30
\BOOKMARK [2][-]{subsection.5.1.1}{5.1.1 Overall usage.}{section.5.1}% 31
\BOOKMARK [2][-]{subsection.5.1.2}{5.1.2 Pie chart diagram presenting the learning sessions in seconds}{section.5.1}% 32
\BOOKMARK [2][-]{subsection.5.1.3}{5.1.3 Bar chart visualizing ratio between `right' and `wrong'}{section.5.1}% 33
\BOOKMARK [2][-]{subsection.5.1.4}{5.1.4 Table with median reaction time and daily usage}{section.5.1}% 34
\BOOKMARK [1][-]{section.5.2}{5.2 Questionnaires results}{chapter.5}% 35
\BOOKMARK [2][-]{subsection.5.2.1}{5.2.1 General information about the user}{section.5.2}% 36
\BOOKMARK [2][-]{subsection.5.2.2}{5.2.2 Smartwatch app usage}{section.5.2}% 37
\BOOKMARK [1][-]{section.5.3}{5.3 Threats to Validity}{chapter.5}% 38
\BOOKMARK [0][-]{chapter.6}{6 Conclusion and Future Work}{}% 39
\BOOKMARK [1][-]{section.6.1}{6.1 Conclusion}{chapter.6}% 40
\BOOKMARK [1][-]{section.6.2}{6.2 Future work}{chapter.6}% 41
\BOOKMARK [0][-]{Appendix.a.A}{A Test Cases}{}% 42
\BOOKMARK [0][-]{Appendix.a.B}{B Questionnaire}{}% 43
\BOOKMARK [1][-]{section.a.B.1}{B.1 General information}{Appendix.a.B}% 44
\BOOKMARK [1][-]{section.a.B.2}{B.2 Questions after using the smartwatch app}{Appendix.a.B}% 45
\BOOKMARK [0][-]{Appendix.a.C}{C Questionnaire answers}{}% 46
\BOOKMARK [1][-]{section.a.C.1}{C.1 General information}{Appendix.a.C}% 47
\BOOKMARK [1][-]{section.a.C.2}{C.2 Questions after using the smartwatch app}{Appendix.a.C}% 48
\BOOKMARK [0][-]{Appendix.a.D}{D Script to Obtain Different Session Lengths}{}% 49
