This is pdfTeX, Version 3.14159265-2.6-1.40.16 (TeX Live 2015) (preloaded format=pdflatex 2016.5.3)  21 AUG 2016 21:53
entering extended mode
 restricted \write18 enabled.
 file:line:error style messages enabled.
 %&-line parsing enabled.
**thesis.tex
(./thesis.tex
LaTeX2e <2015/01/01>
Babel <3.9l> and hyphenation patterns for 79 languages loaded.
(/usr/local/texlive/2015/texmf-dist/tex/latex/base/book.cls
Document Class: book 2014/09/29 v1.4h Standard LaTeX document class
(/usr/local/texlive/2015/texmf-dist/tex/latex/base/bk12.clo
File: bk12.clo 2014/09/29 v1.4h Standard LaTeX file (size option)
)
\c@part=\count79
\c@chapter=\count80
\c@section=\count81
\c@subsection=\count82
\c@subsubsection=\count83
\c@paragraph=\count84
\c@subparagraph=\count85
\c@figure=\count86
\c@table=\count87
\abovecaptionskip=\skip41
\belowcaptionskip=\skip42
\bibindent=\dimen102
) (./preamble.tex
(/usr/local/texlive/2015/texmf-dist/tex/latex/amscls/amsthm.sty
Package: amsthm 2015/03/04 v2.20.2
\thm@style=\toks14
\thm@bodyfont=\toks15
\thm@headfont=\toks16
\thm@notefont=\toks17
\thm@headpunct=\toks18
\thm@preskip=\skip43
\thm@postskip=\skip44
\thm@headsep=\skip45
\dth@everypar=\toks19
)
(/usr/local/texlive/2015/texmf-dist/tex/latex/tools/xspace.sty
Package: xspace 2014/10/28 v1.13 Space after command names (DPC,MH)
)
(/usr/local/texlive/2015/texmf-dist/tex/latex/float/float.sty
Package: float 2001/11/08 v1.3d Float enhancements (AL)
\c@float@type=\count88
\float@exts=\toks20
\float@box=\box26
\@float@everytoks=\toks21
\@floatcapt=\box27
)
(/usr/local/texlive/2015/texmf-dist/tex/latex/base/ifthen.sty
Package: ifthen 2014/09/29 v1.1c Standard LaTeX ifthen package (DPC)
)
(/usr/local/texlive/2015/texmf-dist/tex/latex/amsmath/amsbsy.sty
Package: amsbsy 1999/11/29 v1.2d

(/usr/local/texlive/2015/texmf-dist/tex/latex/amsmath/amsgen.sty
File: amsgen.sty 1999/11/30 v2.0
\@emptytoks=\toks22
\ex@=\dimen103
)
\pmbraise@=\dimen104
)
(/usr/local/texlive/2015/texmf-dist/tex/latex/amsfonts/amssymb.sty
Package: amssymb 2013/01/14 v3.01 AMS font symbols

(/usr/local/texlive/2015/texmf-dist/tex/latex/amsfonts/amsfonts.sty
Package: amsfonts 2013/01/14 v3.01 Basic AMSFonts support
\symAMSa=\mathgroup4
\symAMSb=\mathgroup5
LaTeX Font Info:    Overwriting math alphabet `\mathfrak' in version `bold'
(Font)                  U/euf/m/n --> U/euf/b/n on input line 106.
))
(/usr/local/texlive/2015/texmf-dist/tex/latex/preprint/balance.sty
Package: balance 1999/02/23 4.3 (PWD)
\oldvsize=\dimen105
)
(/usr/local/texlive/2015/texmf-dist/tex/latex/booktabs/booktabs.sty
Package: booktabs 2005/04/14 v1.61803 publication quality tables
\heavyrulewidth=\dimen106
\lightrulewidth=\dimen107
\cmidrulewidth=\dimen108
\belowrulesep=\dimen109
\belowbottomsep=\dimen110
\aboverulesep=\dimen111
\abovetopsep=\dimen112
\cmidrulesep=\dimen113
\cmidrulekern=\dimen114
\defaultaddspace=\dimen115
\@cmidla=\count89
\@cmidlb=\count90
\@aboverulesep=\dimen116
\@belowrulesep=\dimen117
\@thisruleclass=\count91
\@lastruleclass=\count92
\@thisrulewidth=\dimen118
)
(/usr/local/texlive/2015/texmf-dist/tex/latex/graphics/graphicx.sty
Package: graphicx 2014/10/28 v1.0g Enhanced LaTeX Graphics (DPC,SPQR)

(/usr/local/texlive/2015/texmf-dist/tex/latex/graphics/keyval.sty
Package: keyval 2014/10/28 v1.15 key=value parser (DPC)
\KV@toks@=\toks23
)
(/usr/local/texlive/2015/texmf-dist/tex/latex/graphics/graphics.sty
Package: graphics 2014/10/28 v1.0p Standard LaTeX Graphics (DPC,SPQR)

(/usr/local/texlive/2015/texmf-dist/tex/latex/graphics/trig.sty
Package: trig 1999/03/16 v1.09 sin cos tan (DPC)
)
(/usr/local/texlive/2015/texmf-dist/tex/latex/latexconfig/graphics.cfg
File: graphics.cfg 2010/04/23 v1.9 graphics configuration of TeX Live
)
Package graphics Info: Driver file: pdftex.def on input line 94.

(/usr/local/texlive/2015/texmf-dist/tex/latex/pdftex-def/pdftex.def
File: pdftex.def 2011/05/27 v0.06d Graphics/color for pdfTeX

(/usr/local/texlive/2015/texmf-dist/tex/generic/oberdiek/infwarerr.sty
Package: infwarerr 2010/04/08 v1.3 Providing info/warning/error messages (HO)
)
(/usr/local/texlive/2015/texmf-dist/tex/generic/oberdiek/ltxcmds.sty
Package: ltxcmds 2011/11/09 v1.22 LaTeX kernel commands for general use (HO)
)
\Gread@gobject=\count93
))
\Gin@req@height=\dimen119
\Gin@req@width=\dimen120
)
(/usr/local/texlive/2015/texmf-dist/tex/latex/rotating/rotating.sty
Package: rotating 2009/03/28 v2.16a rotated objects in LaTeX
\c@r@tfl@t=\count94
\rotFPtop=\skip46
\rotFPbot=\skip47
\rot@float@box=\box28
\rot@mess@toks=\toks24
)
(/usr/local/texlive/2015/texmf-dist/tex/latex/multirow/multirow.sty
\bigstrutjot=\dimen121
)
(/usr/local/texlive/2015/texmf-dist/tex/latex/needspace/needspace.sty
Package: needspace 2010/09/12 v1.3d reserve vertical space
)
(/usr/local/texlive/2015/texmf-dist/tex/latex/microtype/microtype.sty
Package: microtype 2013/05/23 v2.5a Micro-typographical refinements (RS)
\MT@toks=\toks25
\MT@count=\count95
LaTeX Info: Redefining \textls on input line 766.
\MT@outer@kern=\dimen122
LaTeX Info: Redefining \textmicrotypecontext on input line 1285.
\MT@listname@count=\count96

(/usr/local/texlive/2015/texmf-dist/tex/latex/microtype/microtype-pdftex.def
File: microtype-pdftex.def 2013/05/23 v2.5a Definitions specific to pdftex (RS)

LaTeX Info: Redefining \lsstyle on input line 915.
LaTeX Info: Redefining \lslig on input line 915.
\MT@outer@space=\skip48
)
Package microtype Info: Loading configuration file microtype.cfg.

(/usr/local/texlive/2015/texmf-dist/tex/latex/microtype/microtype.cfg
File: microtype.cfg 2013/05/23 v2.5a microtype main configuration file (RS)
))
(/usr/local/texlive/2015/texmf-dist/tex/latex/bold-extra/bold-extra.sty
Package: bold-extra 2001/11/13 v0.1 Use fonts from cm/mf-extra/bold
)
(/usr/local/texlive/2015/texmf-dist/tex/latex/geometry/geometry.sty
Package: geometry 2010/09/12 v5.6 Page Geometry

(/usr/local/texlive/2015/texmf-dist/tex/generic/oberdiek/ifpdf.sty
Package: ifpdf 2011/01/30 v2.3 Provides the ifpdf switch (HO)
Package ifpdf Info: pdfTeX in PDF mode is detected.
)
(/usr/local/texlive/2015/texmf-dist/tex/generic/oberdiek/ifvtex.sty
Package: ifvtex 2010/03/01 v1.5 Detect VTeX and its facilities (HO)
Package ifvtex Info: VTeX not detected.
)
(/usr/local/texlive/2015/texmf-dist/tex/generic/ifxetex/ifxetex.sty
Package: ifxetex 2010/09/12 v0.6 Provides ifxetex conditional
)
\Gm@cnth=\count97
\Gm@cntv=\count98
\c@Gm@tempcnt=\count99
\Gm@bindingoffset=\dimen123
\Gm@wd@mp=\dimen124
\Gm@odd@mp=\dimen125
\Gm@even@mp=\dimen126
\Gm@layoutwidth=\dimen127
\Gm@layoutheight=\dimen128
\Gm@layouthoffset=\dimen129
\Gm@layoutvoffset=\dimen130
\Gm@dimlist=\toks26
)
(/usr/local/texlive/2015/texmf-dist/tex/latex/tools/varioref.sty
Package: varioref 2014/10/28 v1.5a package for extended references (FMi)
\c@vrcnt=\count100
)
(/usr/local/texlive/2015/texmf-dist/tex/latex/xcolor/xcolor.sty
Package: xcolor 2007/01/21 v2.11 LaTeX color extensions (UK)

(/usr/local/texlive/2015/texmf-dist/tex/latex/latexconfig/color.cfg
File: color.cfg 2007/01/18 v1.5 color configuration of teTeX/TeXLive
)
Package xcolor Info: Driver file: pdftex.def on input line 225.
Package xcolor Info: Model `cmy' substituted by `cmy0' on input line 1337.
Package xcolor Info: Model `hsb' substituted by `rgb' on input line 1341.
Package xcolor Info: Model `RGB' extended on input line 1353.
Package xcolor Info: Model `HTML' substituted by `rgb' on input line 1355.
Package xcolor Info: Model `Hsb' substituted by `hsb' on input line 1356.
Package xcolor Info: Model `tHsb' substituted by `hsb' on input line 1357.
Package xcolor Info: Model `HSB' substituted by `hsb' on input line 1358.
Package xcolor Info: Model `Gray' substituted by `gray' on input line 1359.
Package xcolor Info: Model `wave' substituted by `hsb' on input line 1360.
)
(/usr/local/texlive/2015/texmf-dist/tex/latex/base/textcomp.sty
Package: textcomp 2005/09/27 v1.99g Standard LaTeX package
Package textcomp Info: Sub-encoding information:
(textcomp)               5 = only ISO-Adobe without \textcurrency
(textcomp)               4 = 5 + \texteuro
(textcomp)               3 = 4 + \textohm
(textcomp)               2 = 3 + \textestimated + \textcurrency
(textcomp)               1 = TS1 - \textcircled - \t
(textcomp)               0 = TS1 (full)
(textcomp)             Font families with sub-encoding setting implement
(textcomp)             only a restricted character set as indicated.
(textcomp)             Family '?' is the default used for unknown fonts.
(textcomp)             See the documentation for details.
Package textcomp Info: Setting ? sub-encoding to TS1/1 on input line 79.

(/usr/local/texlive/2015/texmf-dist/tex/latex/base/ts1enc.def
File: ts1enc.def 2001/06/05 v3.0e (jk/car/fm) Standard LaTeX file
)
LaTeX Info: Redefining \oldstylenums on input line 334.
Package textcomp Info: Setting cmr sub-encoding to TS1/0 on input line 349.
Package textcomp Info: Setting cmss sub-encoding to TS1/0 on input line 350.
Package textcomp Info: Setting cmtt sub-encoding to TS1/0 on input line 351.
Package textcomp Info: Setting cmvtt sub-encoding to TS1/0 on input line 352.
Package textcomp Info: Setting cmbr sub-encoding to TS1/0 on input line 353.
Package textcomp Info: Setting cmtl sub-encoding to TS1/0 on input line 354.
Package textcomp Info: Setting ccr sub-encoding to TS1/0 on input line 355.
Package textcomp Info: Setting ptm sub-encoding to TS1/4 on input line 356.
Package textcomp Info: Setting pcr sub-encoding to TS1/4 on input line 357.
Package textcomp Info: Setting phv sub-encoding to TS1/4 on input line 358.
Package textcomp Info: Setting ppl sub-encoding to TS1/3 on input line 359.
Package textcomp Info: Setting pag sub-encoding to TS1/4 on input line 360.
Package textcomp Info: Setting pbk sub-encoding to TS1/4 on input line 361.
Package textcomp Info: Setting pnc sub-encoding to TS1/4 on input line 362.
Package textcomp Info: Setting pzc sub-encoding to TS1/4 on input line 363.
Package textcomp Info: Setting bch sub-encoding to TS1/4 on input line 364.
Package textcomp Info: Setting put sub-encoding to TS1/5 on input line 365.
Package textcomp Info: Setting uag sub-encoding to TS1/5 on input line 366.
Package textcomp Info: Setting ugq sub-encoding to TS1/5 on input line 367.
Package textcomp Info: Setting ul8 sub-encoding to TS1/4 on input line 368.
Package textcomp Info: Setting ul9 sub-encoding to TS1/4 on input line 369.
Package textcomp Info: Setting augie sub-encoding to TS1/5 on input line 370.
Package textcomp Info: Setting dayrom sub-encoding to TS1/3 on input line 371.
Package textcomp Info: Setting dayroms sub-encoding to TS1/3 on input line 372.

Package textcomp Info: Setting pxr sub-encoding to TS1/0 on input line 373.
Package textcomp Info: Setting pxss sub-encoding to TS1/0 on input line 374.
Package textcomp Info: Setting pxtt sub-encoding to TS1/0 on input line 375.
Package textcomp Info: Setting txr sub-encoding to TS1/0 on input line 376.
Package textcomp Info: Setting txss sub-encoding to TS1/0 on input line 377.
Package textcomp Info: Setting txtt sub-encoding to TS1/0 on input line 378.
Package textcomp Info: Setting lmr sub-encoding to TS1/0 on input line 379.
Package textcomp Info: Setting lmdh sub-encoding to TS1/0 on input line 380.
Package textcomp Info: Setting lmss sub-encoding to TS1/0 on input line 381.
Package textcomp Info: Setting lmssq sub-encoding to TS1/0 on input line 382.
Package textcomp Info: Setting lmvtt sub-encoding to TS1/0 on input line 383.
Package textcomp Info: Setting lmtt sub-encoding to TS1/0 on input line 384.
Package textcomp Info: Setting qhv sub-encoding to TS1/0 on input line 385.
Package textcomp Info: Setting qag sub-encoding to TS1/0 on input line 386.
Package textcomp Info: Setting qbk sub-encoding to TS1/0 on input line 387.
Package textcomp Info: Setting qcr sub-encoding to TS1/0 on input line 388.
Package textcomp Info: Setting qcs sub-encoding to TS1/0 on input line 389.
Package textcomp Info: Setting qpl sub-encoding to TS1/0 on input line 390.
Package textcomp Info: Setting qtm sub-encoding to TS1/0 on input line 391.
Package textcomp Info: Setting qzc sub-encoding to TS1/0 on input line 392.
Package textcomp Info: Setting qhvc sub-encoding to TS1/0 on input line 393.
Package textcomp Info: Setting futs sub-encoding to TS1/4 on input line 394.
Package textcomp Info: Setting futx sub-encoding to TS1/4 on input line 395.
Package textcomp Info: Setting futj sub-encoding to TS1/4 on input line 396.
Package textcomp Info: Setting hlh sub-encoding to TS1/3 on input line 397.
Package textcomp Info: Setting hls sub-encoding to TS1/3 on input line 398.
Package textcomp Info: Setting hlst sub-encoding to TS1/3 on input line 399.
Package textcomp Info: Setting hlct sub-encoding to TS1/5 on input line 400.
Package textcomp Info: Setting hlx sub-encoding to TS1/5 on input line 401.
Package textcomp Info: Setting hlce sub-encoding to TS1/5 on input line 402.
Package textcomp Info: Setting hlcn sub-encoding to TS1/5 on input line 403.
Package textcomp Info: Setting hlcw sub-encoding to TS1/5 on input line 404.
Package textcomp Info: Setting hlcf sub-encoding to TS1/5 on input line 405.
Package textcomp Info: Setting pplx sub-encoding to TS1/3 on input line 406.
Package textcomp Info: Setting pplj sub-encoding to TS1/3 on input line 407.
Package textcomp Info: Setting ptmx sub-encoding to TS1/4 on input line 408.
Package textcomp Info: Setting ptmj sub-encoding to TS1/4 on input line 409.
)
(/usr/local/texlive/2015/texmf-dist/tex/latex/listings/listings.sty
\lst@mode=\count101
\lst@gtempboxa=\box29
\lst@token=\toks27
\lst@length=\count102
\lst@currlwidth=\dimen131
\lst@column=\count103
\lst@pos=\count104
\lst@lostspace=\dimen132
\lst@width=\dimen133
\lst@newlines=\count105
\lst@lineno=\count106
\lst@maxwidth=\dimen134

(/usr/local/texlive/2015/texmf-dist/tex/latex/listings/lstmisc.sty
File: lstmisc.sty 2014/09/06 1.5e (Carsten Heinz)
\c@lstnumber=\count107
\lst@skipnumbers=\count108
\lst@framebox=\box30
)
(/usr/local/texlive/2015/texmf-dist/tex/latex/listings/listings.cfg
File: listings.cfg 2014/09/06 1.5e listings configuration
))
Package: listings 2014/09/06 1.5e (Carsten Heinz)

(/usr/local/texlive/2015/texmf-dist/tex/latex/parskip/parskip.sty
Package: parskip 2001/04/09 non-zero parskip adjustments
)
(/usr/local/texlive/2015/texmf-dist/tex/generic/ulem/ulem.sty
\UL@box=\box31
\UL@hyphenbox=\box32
\UL@skip=\skip49
\UL@hook=\toks28
\UL@height=\dimen135
\UL@pe=\count109
\UL@pixel=\dimen136
\ULC@box=\box33
Package: ulem 2012/05/18
\ULdepth=\dimen137
)
(/usr/local/texlive/2015/texmf-dist/tex/latex/ucs/ucs.sty
Package: ucs 2013/05/11 v2.2 UCS: Unicode input support

(/usr/local/texlive/2015/texmf-dist/tex/latex/ucs/data/uni-global.def
File: uni-global.def 2013/05/13 UCS: Unicode global data
)
\uc@secondtry=\count110
\uc@combtoks=\toks29
\uc@combtoksb=\toks30
\uc@temptokena=\toks31
)
(/usr/local/texlive/2015/texmf-dist/tex/latex/psnfss/times.sty
Package: times 2005/04/12 PSNFSS-v9.2a (SPQR) 
)
(/usr/local/texlive/2015/texmf-dist/tex/latex/url/url.sty
\Urlmuskip=\muskip10
Package: url 2013/09/16  ver 3.4  Verb mode for urls, etc.
)
(/usr/local/texlive/2015/texmf-dist/tex/latex/base/alltt.sty
Package: alltt 1997/06/16 v2.0g defines alltt environment
)
(/usr/local/texlive/2015/texmf-dist/tex/latex/amsmath/amsmath.sty
Package: amsmath 2013/01/14 v2.14 AMS math features
\@mathmargin=\skip50

For additional information on amsmath, use the `?' option.
(/usr/local/texlive/2015/texmf-dist/tex/latex/amsmath/amstext.sty
Package: amstext 2000/06/29 v2.01
)
(/usr/local/texlive/2015/texmf-dist/tex/latex/amsmath/amsopn.sty
Package: amsopn 1999/12/14 v2.01 operator names
)
\inf@bad=\count111
LaTeX Info: Redefining \frac on input line 210.
\uproot@=\count112
\leftroot@=\count113
LaTeX Info: Redefining \overline on input line 306.
\classnum@=\count114
\DOTSCASE@=\count115
LaTeX Info: Redefining \ldots on input line 378.
LaTeX Info: Redefining \dots on input line 381.
LaTeX Info: Redefining \cdots on input line 466.
\Mathstrutbox@=\box34
\strutbox@=\box35
\big@size=\dimen138
LaTeX Font Info:    Redeclaring font encoding OML on input line 566.
LaTeX Font Info:    Redeclaring font encoding OMS on input line 567.
\macc@depth=\count116
\c@MaxMatrixCols=\count117
\dotsspace@=\muskip11
\c@parentequation=\count118
\dspbrk@lvl=\count119
\tag@help=\toks32
\row@=\count120
\column@=\count121
\maxfields@=\count122
\andhelp@=\toks33
\eqnshift@=\dimen139
\alignsep@=\dimen140
\tagshift@=\dimen141
\tagwidth@=\dimen142
\totwidth@=\dimen143
\lineht@=\dimen144
\@envbody=\toks34
\multlinegap=\skip51
\multlinetaggap=\skip52
\mathdisplay@stack=\toks35
LaTeX Info: Redefining \[ on input line 2665.
LaTeX Info: Redefining \] on input line 2666.
)
(/usr/local/texlive/2015/texmf-dist/tex/latex/l3packages/xfrac/xfrac.sty
(/usr/local/texlive/2015/texmf-dist/tex/latex/l3packages/l3keys2e/l3keys2e.sty
(/usr/local/texlive/2015/texmf-dist/tex/latex/l3kernel/expl3.sty
Package: expl3 2015/03/01 v5547 L3 programming layer (loader) 

(/usr/local/texlive/2015/texmf-dist/tex/latex/l3kernel/expl3-code.tex
Package: expl3 2015/03/01 v5547 L3 programming layer (code) 
L3 Module: l3bootstrap 2015/02/28 v5542 L3 Bootstrap code
L3 Module: l3names 2015/02/24 v5535 L3 Namespace for primitives
L3 Module: l3basics 2015/01/27 v5500 L3 Basic definitions
L3 Module: l3expan 2014/11/27 v5472 L3 Argument expansion
L3 Module: l3tl 2015/01/27 v5500 L3 Token lists
L3 Module: l3str 2015/03/01 v5545 L3 Strings
L3 Module: l3seq 2014/08/23 v5354 L3 Sequences and stacks
L3 Module: l3int 2015/02/21 v5529 L3 Integers
\c_max_int=\count123
\l_tmpa_int=\count124
\l_tmpb_int=\count125
\g_tmpa_int=\count126
\g_tmpb_int=\count127
L3 Module: l3quark 2014/08/23 v5354 L3 Quarks
L3 Module: l3prg 2014/08/23 v5354 L3 Control structures
\g__prg_map_int=\count128
L3 Module: l3clist 2014/08/23 v5354 L3 Comma separated lists
L3 Module: l3token 2014/09/15 v5422 L3 Experimental token manipulation
L3 Module: l3prop 2014/08/23 v5354 L3 Property lists
L3 Module: l3msg 2015/02/26 v5537 L3 Messages
L3 Module: l3file 2014/08/24 v5369 L3 File and I/O operations
\l_iow_line_count_int=\count129
\l__iow_target_count_int=\count130
\l__iow_current_line_int=\count131
\l__iow_current_word_int=\count132
\l__iow_current_indentation_int=\count133
L3 Module: l3skip 2014/08/23 v5354 L3 Dimensions and skips
\c_zero_dim=\dimen145
\c_max_dim=\dimen146
\l_tmpa_dim=\dimen147
\l_tmpb_dim=\dimen148
\g_tmpa_dim=\dimen149
\g_tmpb_dim=\dimen150
\c_zero_skip=\skip53
\c_max_skip=\skip54
\l_tmpa_skip=\skip55
\l_tmpb_skip=\skip56
\g_tmpa_skip=\skip57
\g_tmpb_skip=\skip58
\c_zero_muskip=\muskip12
\c_max_muskip=\muskip13
\l_tmpa_muskip=\muskip14
\l_tmpb_muskip=\muskip15
\g_tmpa_muskip=\muskip16
\g_tmpb_muskip=\muskip17
L3 Module: l3keys 2015/01/27 v5500 L3 Key-value interfaces
\g__keyval_level_int=\count134
\l_keys_choice_int=\count135
L3 Module: l3fp 2014/08/22 v5336 L3 Floating points
\c__fp_leading_shift_int=\count136
\c__fp_middle_shift_int=\count137
\c__fp_trailing_shift_int=\count138
\c__fp_big_leading_shift_int=\count139
\c__fp_big_middle_shift_int=\count140
\c__fp_big_trailing_shift_int=\count141
\c__fp_Bigg_leading_shift_int=\count142
\c__fp_Bigg_middle_shift_int=\count143
\c__fp_Bigg_trailing_shift_int=\count144
L3 Module: l3box 2014/08/23 v5354 L3 Experimental boxes
\c_empty_box=\box36
\l_tmpa_box=\box37
\l_tmpb_box=\box38
\g_tmpa_box=\box39
\g_tmpb_box=\box40
L3 Module: l3coffins 2014/08/23 v5354 L3 Coffin code layer
\l__coffin_internal_box=\box41
\l__coffin_internal_dim=\dimen151
\l__coffin_offset_x_dim=\dimen152
\l__coffin_offset_y_dim=\dimen153
\l__coffin_x_dim=\dimen154
\l__coffin_y_dim=\dimen155
\l__coffin_x_prime_dim=\dimen156
\l__coffin_y_prime_dim=\dimen157
\c_empty_coffin=\box42
\l__coffin_aligned_coffin=\box43
\l__coffin_aligned_internal_coffin=\box44
\l_tmpa_coffin=\box45
\l_tmpb_coffin=\box46
\l__coffin_display_coffin=\box47
\l__coffin_display_coord_coffin=\box48
\l__coffin_display_pole_coffin=\box49
\l__coffin_display_offset_dim=\dimen158
\l__coffin_display_x_dim=\dimen159
\l__coffin_display_y_dim=\dimen160
L3 Module: l3color 2014/08/23 v5354 L3 Experimental color support
L3 Module: l3candidates 2015/03/01 v5544 L3 Experimental additions to l3kernel
\l__box_top_dim=\dimen161
\l__box_bottom_dim=\dimen162
\l__box_left_dim=\dimen163
\l__box_right_dim=\dimen164
\l__box_top_new_dim=\dimen165
\l__box_bottom_new_dim=\dimen166
\l__box_left_new_dim=\dimen167
\l__box_right_new_dim=\dimen168
\l__box_internal_box=\box50
\l__coffin_bounding_shift_dim=\dimen169
\l__coffin_left_corner_dim=\dimen170
\l__coffin_right_corner_dim=\dimen171
\l__coffin_bottom_corner_dim=\dimen172
\l__coffin_top_corner_dim=\dimen173
\l__coffin_scaled_total_height_dim=\dimen174
\l__coffin_scaled_width_dim=\dimen175
)
(/usr/local/texlive/2015/texmf-dist/tex/latex/l3kernel/l3unicode-data.def
File: l3unicode-data.def 2015/03/01 v5544 L3 Unicode data
)
(/usr/local/texlive/2015/texmf-dist/tex/latex/l3kernel/l3pdfmode.def
File: l3pdfmode.def 2015/03/01 v5544 L3 Experimental driver: PDF mode
\l__driver_color_stack_int=\count145
))
Package: l3keys2e 2014/11/25 v5471 LaTeX2e option processing using LaTeX3 keys
)
(/usr/local/texlive/2015/texmf-dist/tex/latex/l3packages/xparse/xparse.sty
Package: xparse 2014/11/25 v5471 L3 Experimental document command parser
\l__xparse_current_arg_int=\count146
\l__xparse_m_args_int=\count147
\l__xparse_mandatory_args_int=\count148
\l__xparse_processor_int=\count149
\l__xparse_v_nesting_int=\count150
)
(/usr/local/texlive/2015/texmf-dist/tex/latex/l3packages/xtemplate/xtemplate.st
y
Package: xtemplate 2014/11/25 v5471 L3 Experimental prototype document function
s
\l__xtemplate_tmp_dim=\dimen176
\l__xtemplate_tmp_int=\count151
\l__xtemplate_tmp_muskip=\muskip18
\l__xtemplate_tmp_skip=\skip59
Variant \prop_get:NoNTF already defined; not changing it on line 106
Variant \prop_get:NoNT already defined; not changing it on line 107
Variant \prop_get:NoNF already defined; not changing it on line 108
)
Package: xfrac 2014/05/04 v4728 L3 Experimental split-level fractions
\l__xfrac_slash_box=\box51
\l__xfrac_tmp_box=\box52
\l__xfrac_denominator_bot_sep_dim=\dimen177
\l__xfrac_numerator_bot_sep_dim=\dimen178
\l__xfrac_numerator_top_sep_dim=\dimen179
\l__xfrac_slash_left_sep_dim=\dimen180
\l__xfrac_slash_right_sep_dim=\dimen181
\l__xfrac_slash_left_muskip=\muskip19
\l__xfrac_slash_right_muskip=\muskip20
.................................................
. xtemplate info: "declare-object-type"
. 
. Declaring object type 'xfrac' taking 3 argument(s) on line 96.
.................................................
.................................................
. LaTeX info: "xparse/define-command"
. 
. Defining command \sfrac with sig. 'omom' on line 436.
.................................................
) (/usr/local/texlive/2015/texmf-dist/tex/latex/subfigure/subfigure.sty
Package: subfigure 2002/03/15 v2.1.5 subfigure package
\subfigtopskip=\skip60
\subfigcapskip=\skip61
\subfigcaptopadj=\dimen182
\subfigbottomskip=\skip62
\subfigcapmargin=\dimen183
\subfiglabelskip=\skip63
\c@subfigure=\count152
\c@lofdepth=\count153
\c@subtable=\count154
\c@lotdepth=\count155

****************************************
* Local config file subfigure.cfg used *
****************************************
(/usr/local/texlive/2015/texmf-dist/tex/latex/subfigure/subfigure.cfg)
\subfig@top=\skip64
\subfig@bottom=\skip65
)
(/usr/local/texlive/2015/texmf-dist/tex/latex/appendix/appendix.sty
Package: appendix 2009/09/02 v1.2b extra appendix facilities
\c@@pps=\count156
\c@@ppsavesec=\count157
\c@@ppsaveapp=\count158
)
(/usr/local/texlive/2015/texmf-dist/tex/latex/stmaryrd/stmaryrd.sty
Package: stmaryrd 1994/03/03 St Mary's Road symbol package
\symstmry=\mathgroup6
LaTeX Font Info:    Overwriting symbol font `stmry' in version `bold'
(Font)                  U/stmry/m/n --> U/stmry/b/n on input line 89.
)
(/usr/local/texlive/2015/texmf-dist/tex/latex/quotchap/quotchap.sty
Package: quotchap 2012/10/20 v1.1 Decorative Chapter Headings with Quotes
\@quotebox=\box53
)
(/usr/local/texlive/2015/texmf-dist/tex/latex/setspace/setspace.sty
Package: setspace 2011/12/19 v6.7a set line spacing
)
(/usr/local/texlive/2015/texmf-dist/tex/latex/natbib/natbib.sty
Package: natbib 2010/09/13 8.31b (PWD, AO)
\bibhang=\skip66
\bibsep=\skip67
LaTeX Info: Redefining \cite on input line 694.
\c@NAT@ctr=\count159
)
(/usr/local/texlive/2015/texmf-dist/tex/latex/mdwtools/mdwlist.sty
Package: mdwlist 1996/05/02 1.1 Various list-related things
)
(/usr/local/texlive/2015/texmf-dist/tex/latex/changepage/chngpage.sty
Package: chngpage 2009/10/20 v1.2b change page layout
\c@cp@cnt=\count160
\c@cp@tempcnt=\count161
)
(/usr/local/texlive/2015/texmf-dist/tex/latex/psnfss/pifont.sty
Package: pifont 2005/04/12 PSNFSS-v9.2a Pi font support (SPQR) 
LaTeX Font Info:    Try loading font information for U+pzd on input line 63.

(/usr/local/texlive/2015/texmf-dist/tex/latex/psnfss/upzd.fd
File: upzd.fd 2001/06/04 font definitions for U/pzd.
)
LaTeX Font Info:    Try loading font information for U+psy on input line 64.

(/usr/local/texlive/2015/texmf-dist/tex/latex/psnfss/upsy.fd
File: upsy.fd 2001/06/04 font definitions for U/psy.
))
\c@qcounter=\count162

(/usr/local/texlive/2015/texmf-dist/tex/latex/hyperref/hyperref.sty
Package: hyperref 2012/11/06 v6.83m Hypertext links for LaTeX

(/usr/local/texlive/2015/texmf-dist/tex/generic/oberdiek/hobsub-hyperref.sty
Package: hobsub-hyperref 2012/05/28 v1.13 Bundle oberdiek, subset hyperref (HO)


(/usr/local/texlive/2015/texmf-dist/tex/generic/oberdiek/hobsub-generic.sty
Package: hobsub-generic 2012/05/28 v1.13 Bundle oberdiek, subset generic (HO)
Package: hobsub 2012/05/28 v1.13 Construct package bundles (HO)
Package hobsub Info: Skipping package `infwarerr' (already loaded).
Package hobsub Info: Skipping package `ltxcmds' (already loaded).
Package: ifluatex 2010/03/01 v1.3 Provides the ifluatex switch (HO)
Package ifluatex Info: LuaTeX not detected.
Package hobsub Info: Skipping package `ifvtex' (already loaded).
Package: intcalc 2007/09/27 v1.1 Expandable calculations with integers (HO)
Package hobsub Info: Skipping package `ifpdf' (already loaded).
Package: etexcmds 2011/02/16 v1.5 Avoid name clashes with e-TeX commands (HO)
Package etexcmds Info: Could not find \expanded.
(etexcmds)             That can mean that you are not using pdfTeX 1.50 or
(etexcmds)             that some package has redefined \expanded.
(etexcmds)             In the latter case, load this package earlier.
Package: kvsetkeys 2012/04/25 v1.16 Key value parser (HO)
Package: kvdefinekeys 2011/04/07 v1.3 Define keys (HO)
Package: pdftexcmds 2011/11/29 v0.20 Utility functions of pdfTeX for LuaTeX (HO
)
Package pdftexcmds Info: LuaTeX not detected.
Package pdftexcmds Info: \pdf@primitive is available.
Package pdftexcmds Info: \pdf@ifprimitive is available.
Package pdftexcmds Info: \pdfdraftmode found.
Package: pdfescape 2011/11/25 v1.13 Implements pdfTeX's escape features (HO)
Package: bigintcalc 2012/04/08 v1.3 Expandable calculations on big integers (HO
)
Package: bitset 2011/01/30 v1.1 Handle bit-vector datatype (HO)
Package: uniquecounter 2011/01/30 v1.2 Provide unlimited unique counter (HO)
)
Package hobsub Info: Skipping package `hobsub' (already loaded).
Package: letltxmacro 2010/09/02 v1.4 Let assignment for LaTeX macros (HO)
Package: hopatch 2012/05/28 v1.2 Wrapper for package hooks (HO)
Package: xcolor-patch 2011/01/30 xcolor patch
Package: atveryend 2011/06/30 v1.8 Hooks at the very end of document (HO)
Package atveryend Info: \enddocument detected (standard20110627).
Package: atbegshi 2011/10/05 v1.16 At begin shipout hook (HO)
Package: refcount 2011/10/16 v3.4 Data extraction from label references (HO)
Package: hycolor 2011/01/30 v1.7 Color options for hyperref/bookmark (HO)
)
(/usr/local/texlive/2015/texmf-dist/tex/latex/oberdiek/auxhook.sty
Package: auxhook 2011/03/04 v1.3 Hooks for auxiliary files (HO)
)
(/usr/local/texlive/2015/texmf-dist/tex/latex/oberdiek/kvoptions.sty
Package: kvoptions 2011/06/30 v3.11 Key value format for package options (HO)
)
\@linkdim=\dimen184
\Hy@linkcounter=\count163
\Hy@pagecounter=\count164

(/usr/local/texlive/2015/texmf-dist/tex/latex/hyperref/pd1enc.def
File: pd1enc.def 2012/11/06 v6.83m Hyperref: PDFDocEncoding definition (HO)
)
\Hy@SavedSpaceFactor=\count165

(/usr/local/texlive/2015/texmf-dist/tex/latex/latexconfig/hyperref.cfg
File: hyperref.cfg 2002/06/06 v1.2 hyperref configuration of TeXLive
)
Package hyperref Info: Option `colorlinks' set `true' on input line 4319.
Package hyperref Info: Option `bookmarksnumbered' set `true' on input line 4319
.
Package hyperref Info: Option `bookmarks' set `true' on input line 4319.
Package hyperref Info: Option `plainpages' set `false' on input line 4319.
Package hyperref Info: Option `pdfpagelabels' set `true' on input line 4319.
Package hyperref Info: Hyper figures OFF on input line 4443.
Package hyperref Info: Link nesting OFF on input line 4448.
Package hyperref Info: Hyper index ON on input line 4451.
Package hyperref Info: Plain pages OFF on input line 4458.
Package hyperref Info: Backreferencing OFF on input line 4463.
Package hyperref Info: Implicit mode ON; LaTeX internals redefined.
Package hyperref Info: Bookmarks ON on input line 4688.
\c@Hy@tempcnt=\count166
LaTeX Info: Redefining \url on input line 5041.
\XeTeXLinkMargin=\dimen185
\Fld@menulength=\count167
\Field@Width=\dimen186
\Fld@charsize=\dimen187
Package hyperref Info: Hyper figures OFF on input line 6295.
Package hyperref Info: Link nesting OFF on input line 6300.
Package hyperref Info: Hyper index ON on input line 6303.
Package hyperref Info: backreferencing OFF on input line 6310.
Package hyperref Info: Link coloring ON on input line 6313.
Package hyperref Info: Link coloring with OCG OFF on input line 6320.
Package hyperref Info: PDF/A mode OFF on input line 6325.
LaTeX Info: Redefining \ref on input line 6365.
LaTeX Info: Redefining \pageref on input line 6369.
\Hy@abspage=\count168
\c@Item=\count169
\c@Hfootnote=\count170
)

Package hyperref Message: Driver (autodetected): hpdftex.

(/usr/local/texlive/2015/texmf-dist/tex/latex/hyperref/hpdftex.def
File: hpdftex.def 2012/11/06 v6.83m Hyperref driver for pdfTeX
\Fld@listcount=\count171
\c@bookmark@seq@number=\count172

(/usr/local/texlive/2015/texmf-dist/tex/latex/oberdiek/rerunfilecheck.sty
Package: rerunfilecheck 2011/04/15 v1.7 Rerun checks for auxiliary files (HO)
Package uniquecounter Info: New unique counter `rerunfilecheck' on input line 2
82.
)
\Hy@SectionHShift=\skip68
)
(./thesis.aux)
\openout1 = `thesis.aux'.

LaTeX Font Info:    Checking defaults for OML/cmm/m/it on input line 226.
LaTeX Font Info:    ... okay on input line 226.
LaTeX Font Info:    Checking defaults for T1/cmr/m/n on input line 226.
LaTeX Font Info:    ... okay on input line 226.
LaTeX Font Info:    Checking defaults for OT1/cmr/m/n on input line 226.
LaTeX Font Info:    ... okay on input line 226.
LaTeX Font Info:    Checking defaults for OMS/cmsy/m/n on input line 226.
LaTeX Font Info:    ... okay on input line 226.
LaTeX Font Info:    Checking defaults for OMX/cmex/m/n on input line 226.
LaTeX Font Info:    ... okay on input line 226.
LaTeX Font Info:    Checking defaults for U/cmr/m/n on input line 226.
LaTeX Font Info:    ... okay on input line 226.
LaTeX Font Info:    Checking defaults for TS1/cmr/m/n on input line 226.
LaTeX Font Info:    Try loading font information for TS1+cmr on input line 226.

 (/usr/local/texlive/2015/texmf-dist/tex/latex/base/ts1cmr.fd
File: ts1cmr.fd 2014/09/29 v2.5h Standard LaTeX font definitions
)
LaTeX Font Info:    ... okay on input line 226.
LaTeX Font Info:    Checking defaults for PD1/pdf/m/n on input line 226.
LaTeX Font Info:    ... okay on input line 226.
LaTeX Font Info:    Try loading font information for OT1+ptm on input line 226.


(/usr/local/texlive/2015/texmf-dist/tex/latex/psnfss/ot1ptm.fd
File: ot1ptm.fd 2001/06/04 font definitions for OT1/ptm.
)
(/usr/local/texlive/2015/texmf-dist/tex/context/base/supp-pdf.mkii
[Loading MPS to PDF converter (version 2006.09.02).]
\scratchcounter=\count173
\scratchdimen=\dimen188
\scratchbox=\box54
\nofMPsegments=\count174
\nofMParguments=\count175
\everyMPshowfont=\toks36
\MPscratchCnt=\count176
\MPscratchDim=\dimen189
\MPnumerator=\count177
\makeMPintoPDFobject=\count178
\everyMPtoPDFconversion=\toks37
) (/usr/local/texlive/2015/texmf-dist/tex/latex/oberdiek/epstopdf-base.sty
Package: epstopdf-base 2010/02/09 v2.5 Base part for package epstopdf

(/usr/local/texlive/2015/texmf-dist/tex/latex/oberdiek/grfext.sty
Package: grfext 2010/08/19 v1.1 Manage graphics extensions (HO)
)
Package grfext Info: Graphics extension search list:
(grfext)             [.pdf,.png,.eps]
(grfext)             \AppendGraphicsExtensions on input line 452.

(/usr/local/texlive/2015/texmf-dist/tex/latex/latexconfig/epstopdf-sys.cfg
File: epstopdf-sys.cfg 2010/07/13 v1.3 Configuration of (r)epstopdf for TeX Liv
e
))
LaTeX Info: Redefining \microtypecontext on input line 226.
Package microtype Info: Generating PDF output.
Package microtype Info: Character protrusion enabled (level 2).
Package microtype Info: Using default protrusion set `alltext'.
Package microtype Info: Automatic font expansion enabled (level 2),
(microtype)             stretch: 20, shrink: 20, step: 1, non-selected.
Package microtype Info: Using default expansion set `basictext'.
Package microtype Info: No adjustment of tracking.
Package microtype Info: No adjustment of interword spacing.
Package microtype Info: No adjustment of character kerning.

(/usr/local/texlive/2015/texmf-dist/tex/latex/microtype/mt-ptm.cfg
File: mt-ptm.cfg 2006/04/20 v1.7 microtype config. file: Times (RS)
)
*geometry* driver: auto-detecting
*geometry* detected driver: pdftex
*geometry* verbose mode - [ preamble ] result:
* driver: pdftex
* paper: a4paper
* layout: <same size as paper>
* layoutoffset:(h,v)=(0.0pt,0.0pt)
* modes: 
* h-part:(L,W,R)=(89.62709pt, 418.25368pt, 89.6271pt)
* v-part:(T,H,B)=(101.40665pt, 591.5302pt, 152.11pt)
* \paperwidth=597.50787pt
* \paperheight=845.04684pt
* \textwidth=418.25368pt
* \textheight=591.5302pt
* \oddsidemargin=17.3571pt
* \evensidemargin=17.3571pt
* \topmargin=-2.73714pt
* \headheight=12.0pt
* \headsep=19.8738pt
* \topskip=12.0pt
* \footskip=30.0pt
* \marginparwidth=38.0pt
* \marginparsep=7.0pt
* \columnsep=10.0pt
* \skip\footins=10.8pt plus 4.0pt minus 2.0pt
* \hoffset=0.0pt
* \voffset=0.0pt
* \mag=1000
* \@twocolumnfalse
* \@twosidefalse
* \@mparswitchfalse
* \@reversemarginfalse
* (1in=72.27pt=25.4mm, 1cm=28.453pt)

\c@lstlisting=\count179
(/usr/local/texlive/2015/texmf-dist/tex/latex/ucs/ucsencs.def
File: ucsencs.def 2011/01/21 Fixes to fontencodings LGR, T3
)
\AtBeginShipoutBox=\box55
Package hyperref Info: Link coloring ON on input line 226.

(/usr/local/texlive/2015/texmf-dist/tex/latex/hyperref/nameref.sty
Package: nameref 2012/10/27 v2.43 Cross-referencing by name of section

(/usr/local/texlive/2015/texmf-dist/tex/generic/oberdiek/gettitlestring.sty
Package: gettitlestring 2010/12/03 v1.4 Cleanup title references (HO)
)
\c@section@level=\count180
LaTeX Info: Redefining \Ref on input line 513.
)
LaTeX Info: Redefining \ref on input line 226.
LaTeX Info: Redefining \pageref on input line 226.
LaTeX Info: Redefining \nameref on input line 226.

(./thesis.out) (./thesis.out)
\@outlinefile=\write3
\openout3 = `thesis.out'.

LaTeX Info: Redefining \Ref on input line 226.

<images/logos/groningen-logo.png, id=96, 333.04425pt x 49.6254pt>
File: images/logos/groningen-logo.png Graphic file (type png)

<use images/logos/groningen-logo.png>
Package pdftex.def Info: images/logos/groningen-logo.png used on input line 235
.
(pdftex.def)             Requested size: 333.04343pt x 49.62526pt.
LaTeX Font Info:    Font shape `OT1/ptm/bx/n' in size <12> not available
(Font)              Font shape `OT1/ptm/b/n' tried instead on input line 241.
LaTeX Font Info:    Font shape `OT1/ptm/bx/n' in size <24.88> not available
(Font)              Font shape `OT1/ptm/b/n' tried instead on input line 241.
LaTeX Font Info:    Font shape `OT1/ptm/bx/n' in size <17.28> not available
(Font)              Font shape `OT1/ptm/b/n' tried instead on input line 242.
LaTeX Font Info:    Font shape `OT1/ptm/bx/n' in size <20.74> not available
(Font)              Font shape `OT1/ptm/b/n' tried instead on input line 245.
 [1



{/usr/local/texlive/2015/texmf-var/fonts/map/pdftex/updmap/pdftex.map} <./image
s/logos/groningen-logo.png>])
LaTeX Font Info:    Try loading font information for T1+put on input line 39.

(/usr/local/texlive/2015/texmf-dist/tex/latex/psnfss/t1put.fd
File: t1put.fd 2001/06/04 font definitions for T1/put.
)
Package microtype Info: Loading generic settings for font family
(microtype)             `put' (encoding: T1).
(microtype)             For optimal results, create family-specific settings.
(microtype)             See the microtype manual for details.
Package xcolor Info: Setting color `{}{0.6 0.6 0.6 rg 0.6 0.6 0.6 RG}{rgb}{0.6,
0.6,0.6}' on input line 39.
pdfTeX warning (ext4): destination with the same identifier (name{page.i}) has 
been already used, duplicate ignored
<to be read again> 
                   \relax 
l.57 \clearpage
                [1

]
Package xcolor Info: Setting color `{}{0.6 0.6 0.6 rg 0.6 0.6 0.6 RG}{rgb}{0.6,
0.6,0.6}' on input line 62.
 (./thesis.toc
Package xcolor Info: Setting color `{}{0 g 0 G}{gray}{0}' on input line 1.
Package xcolor Info: Setting color `{}{0 g 0 G}{gray}{0}' on input line 3.
Package xcolor Info: Setting color `{}{0 g 0 G}{gray}{0}' on input line 4.
Package xcolor Info: Setting color `{}{0 g 0 G}{gray}{0}' on input line 5.

(/usr/local/texlive/2015/texmf-dist/tex/latex/microtype/mt-cmr.cfg
File: mt-cmr.cfg 2013/05/19 v2.2 microtype config. file: Computer Modern Roman 
(RS)
)
LaTeX Font Info:    Try loading font information for U+msa on input line 5.

(/usr/local/texlive/2015/texmf-dist/tex/latex/amsfonts/umsa.fd
File: umsa.fd 2013/01/14 v3.01 AMS symbols A
)
(/usr/local/texlive/2015/texmf-dist/tex/latex/microtype/mt-msa.cfg
File: mt-msa.cfg 2006/02/04 v1.1 microtype config. file: AMS symbols (a) (RS)
)
LaTeX Font Info:    Try loading font information for U+msb on input line 5.

(/usr/local/texlive/2015/texmf-dist/tex/latex/amsfonts/umsb.fd
File: umsb.fd 2013/01/14 v3.01 AMS symbols B
)
(/usr/local/texlive/2015/texmf-dist/tex/latex/microtype/mt-msb.cfg
File: mt-msb.cfg 2005/06/01 v1.0 microtype config. file: AMS symbols (b) (RS)
)
LaTeX Font Info:    Try loading font information for U+stmry on input line 5.

(/usr/local/texlive/2015/texmf-dist/tex/latex/stmaryrd/Ustmry.fd)
Package xcolor Info: Setting color `{}{0 g 0 G}{gray}{0}' on input line 6.
Package xcolor Info: Setting color `{}{0 g 0 G}{gray}{0}' on input line 7.
Package xcolor Info: Setting color `{}{0 g 0 G}{gray}{0}' on input line 8.
Package xcolor Info: Setting color `{}{0 g 0 G}{gray}{0}' on input line 9.
Package xcolor Info: Setting color `{}{0 g 0 G}{gray}{0}' on input line 10.
Package xcolor Info: Setting color `{}{0 g 0 G}{gray}{0}' on input line 11.
Package xcolor Info: Setting color `{}{0 g 0 G}{gray}{0}' on input line 12.
Package xcolor Info: Setting color `{}{0 g 0 G}{gray}{0}' on input line 13.
Package xcolor Info: Setting color `{}{0 g 0 G}{gray}{0}' on input line 14.
Package xcolor Info: Setting color `{}{0 g 0 G}{gray}{0}' on input line 15.
Package xcolor Info: Setting color `{}{0 g 0 G}{gray}{0}' on input line 16.
Package xcolor Info: Setting color `{}{0 g 0 G}{gray}{0}' on input line 17.
Package xcolor Info: Setting color `{}{0 g 0 G}{gray}{0}' on input line 18.
Package xcolor Info: Setting color `{}{0 g 0 G}{gray}{0}' on input line 19.
Package xcolor Info: Setting color `{}{0 g 0 G}{gray}{0}' on input line 20.
Package xcolor Info: Setting color `{}{0 g 0 G}{gray}{0}' on input line 21.
Package xcolor Info: Setting color `{}{0 g 0 G}{gray}{0}' on input line 22.
Package xcolor Info: Setting color `{}{0 g 0 G}{gray}{0}' on input line 23.
Package xcolor Info: Setting color `{}{0 g 0 G}{gray}{0}' on input line 24.
)
\tf@toc=\write4
\openout4 = `thesis.toc'.

 [2


]
Chapter 1.
Package xcolor Info: Setting color `{}{0.6 0.6 0.6 rg 0.6 0.6 0.6 RG}{rgb}{0.6,
0.6,0.6}' on input line 68.
[1


]
LaTeX Font Info:    Try loading font information for TS1+ptm on input line 82.
 (/usr/local/texlive/2015/texmf-dist/tex/latex/psnfss/ts1ptm.fd
File: ts1ptm.fd 2001/06/04 font definitions for TS1/ptm.
) [2]
Chapter 2.
Package xcolor Info: Setting color `{}{0.6 0.6 0.6 rg 0.6 0.6 0.6 RG}{rgb}{0.6,
0.6,0.6}' on input line 92.
[3

] [4] [5]
Chapter 3.
Package xcolor Info: Setting color `{}{0.6 0.6 0.6 rg 0.6 0.6 0.6 RG}{rgb}{0.6,
0.6,0.6}' on input line 153.
<images/login_screen.png, id=162, 361.35pt x 361.35pt>
File: images/login_screen.png Graphic file (type png)

<use images/login_screen.png>
Package pdftex.def Info: images/login_screen.png used on input line 162.
(pdftex.def)             Requested size: 216.81pt x 216.81168pt.
 [6

]
<images/lock.jpg, id=168, 361.35pt x 361.35pt>
File: images/lock.jpg Graphic file (type jpg)
 <use images/lock.jpg>
Package pdftex.def Info: images/lock.jpg used on input line 170.
(pdftex.def)             Requested size: 216.81pt x 216.81168pt.
 [7 <./images/login_screen.png> <./images/lock.jpg>]
<images/login_screen_2.png, id=176, 361.35pt x 361.35pt>
File: images/login_screen_2.png Graphic file (type png)

<use images/login_screen_2.png>
Package pdftex.def Info: images/login_screen_2.png used on input line 178.
(pdftex.def)             Requested size: 216.81pt x 216.81168pt.
LaTeX Font Info:    Font shape `OT1/ptm/bx/n' in size <14.4> not available
(Font)              Font shape `OT1/ptm/b/n' tried instead on input line 188.
 [8 <./images/login_screen_2.png>]
<images/version_1.png, id=183, 361.35pt x 361.35pt>
File: images/version_1.png Graphic file (type png)
 <use images/version_1.png>
Package pdftex.def Info: images/version_1.png used on input line 194.
(pdftex.def)             Requested size: 216.81pt x 216.81168pt.

<images/version_3.png, id=184, 361.35pt x 361.35pt>
File: images/version_3.png Graphic file (type png)
 <use images/version_3.png>
Package pdftex.def Info: images/version_3.png used on input line 202.
(pdftex.def)             Requested size: 216.81pt x 216.81168pt.

[9 <./images/version_1.png>]
<images/version_2.png, id=191, 361.35pt x 361.35pt>
File: images/version_2.png Graphic file (type png)
 <use images/version_2.png>
Package pdftex.def Info: images/version_2.png used on input line 215.
(pdftex.def)             Requested size: 216.81pt x 216.81168pt.

[10 <./images/version_3.png>]
<images/first_designs_backgrounds.png, id=199, 2255.42625pt x 635.37375pt>
File: images/first_designs_backgrounds.png Graphic file (type png)

<use images/first_designs_backgrounds.png>
Package pdftex.def Info: images/first_designs_backgrounds.png used on input lin
e 227.
(pdftex.def)             Requested size: 216.81pt x 61.06886pt.
 [11 <./images/version_2.png> <./images/first_designs_backgrounds.png>]
<images/day_cycle_2.png, id=207, 366.43944pt x 366.43944pt>
File: images/day_cycle_2.png Graphic file (type png)

<use images/day_cycle_2.png>
Package pdftex.def Info: images/day_cycle_2.png used on input line 236.
(pdftex.def)             Requested size: 216.81pt x 216.80685pt.

<images/version_5.png, id=208, 361.35pt x 361.35pt>
File: images/version_5.png Graphic file (type png)
 <use images/version_5.png>
Package pdftex.def Info: images/version_5.png used on input line 244.
(pdftex.def)             Requested size: 216.81pt x 216.81168pt.

[12 <./images/day_cycle_2.png>]
<images/designs_landscapes.png, id=215, 2071.74pt x 545.03625pt>
File: images/designs_landscapes.png Graphic file (type png)

<use images/designs_landscapes.png>
Package pdftex.def Info: images/designs_landscapes.png used on input line 250.
(pdftex.def)             Requested size: 216.81pt x 57.03505pt.
 [13 <./images/version_5.png> <./images/designs_landscapes.png>]
<images/version_6_reveal.png, id=223, 361.35pt x 361.35pt>
File: images/version_6_reveal.png Graphic file (type png)

<use images/version_6_reveal.png>
Package pdftex.def Info: images/version_6_reveal.png used on input line 263.
(pdftex.def)             Requested size: 216.81pt x 216.81168pt.
 [14 <./images/version_6_reveal.png>]
<images/version_6.png, id=230, 361.35pt x 361.35pt>
File: images/version_6.png Graphic file (type png)
 <use images/version_6.png>
Package pdftex.def Info: images/version_6.png used on input line 274.
(pdftex.def)             Requested size: 216.81pt x 216.81168pt.

[15 <./images/version_6.png>]
<images/version_4.png, id=237, 361.35pt x 361.35pt>
File: images/version_4.png Graphic file (type png)
 <use images/version_4.png>
Package pdftex.def Info: images/version_4.png used on input line 285.
(pdftex.def)             Requested size: 216.81pt x 216.81168pt.

<images/version_4_settings_1.png, id=238, 361.35pt x 361.35pt>
File: images/version_4_settings_1.png Graphic file (type png)

<use images/version_4_settings_1.png>
Package pdftex.def Info: images/version_4_settings_1.png used on input line 291
.
(pdftex.def)             Requested size: 216.81pt x 216.81168pt.
 [16 <./images/version_4.png>]
<images/version_5_reveal.png, id=246, 361.35pt x 361.35pt>
File: images/version_5_reveal.png Graphic file (type png)

<use images/version_5_reveal.png>
Package pdftex.def Info: images/version_5_reveal.png used on input line 301.
(pdftex.def)             Requested size: 216.81pt x 216.81168pt.
 [17 <./images/version_4_settings_1.png>]
<images/version_6_menu.png, id=253, 361.35pt x 361.35pt>
File: images/version_6_menu.png Graphic file (type png)

<use images/version_6_menu.png>
Package pdftex.def Info: images/version_6_menu.png used on input line 310.
(pdftex.def)             Requested size: 216.81pt x 216.81168pt.
 [18 <./images/version_5_reveal.png>]
<images/version_6_settings.png, id=260, 361.35pt x 361.35pt>
File: images/version_6_settings.png Graphic file (type png)

<use images/version_6_settings.png>
Package pdftex.def Info: images/version_6_settings.png used on input line 318.
(pdftex.def)             Requested size: 216.81pt x 216.81168pt.
 [19 <./images/version_6_menu.png> <./images/version_6_settings.png>]
<images/version_6_popup.png, id=269, 361.35pt x 361.35pt>
File: images/version_6_popup.png Graphic file (type png)

<use images/version_6_popup.png>
Package pdftex.def Info: images/version_6_popup.png used on input line 332.
(pdftex.def)             Requested size: 216.81pt x 216.81168pt.
 [20 <./images/version_6_popup.png>] [21]
Chapter 4.
Package xcolor Info: Setting color `{}{0.6 0.6 0.6 rg 0.6 0.6 0.6 RG}{rgb}{0.6,
0.6,0.6}' on input line 343.
<images/flashcard_method.png, id=280, 645.91313pt x 563.85657pt>
File: images/flashcard_method.png Graphic file (type png)

<use images/flashcard_method.png>
Package pdftex.def Info: images/flashcard_method.png used on input line 351.
(pdftex.def)             Requested size: 361.34999pt x 315.43918pt.
 [22

] [23 <./images/flashcard_method.png>]
LaTeX Font Info:    Try loading font information for OT1+pcr on input line 359.


(/usr/local/texlive/2015/texmf-dist/tex/latex/psnfss/ot1pcr.fd
File: ot1pcr.fd 2001/06/04 font definitions for OT1/pcr.
)
Package microtype Info: Loading generic settings for font family
(microtype)             `pcr' (encoding: OT1).
(microtype)             For optimal results, create family-specific settings.
(microtype)             See the microtype manual for details.
Package xcolor Info: Setting color `{}{0.75 g 0.75 G}{gray}{0.75}' on input lin
e 359.
Package xcolor Info: Setting color `{}{0.75 g 0.75 G}{gray}{0.75}' on input lin
e 359.
Package xcolor Info: Setting color `{}{0.75 g 0.75 G}{gray}{0.75}' on input lin
e 359.
Package xcolor Info: Setting color `{}{0.75 g 0.75 G}{gray}{0.75}' on input lin
e 359.
Package xcolor Info: Setting color `{}{0.75 g 0.75 G}{gray}{0.75}' on input lin
e 359.
Package xcolor Info: Setting color `{}{0.75 g 0.75 G}{gray}{0.75}' on input lin
e 359.
Package xcolor Info: Setting color `{}{0.75 g 0.75 G}{gray}{0.75}' on input lin
e 359.

(./source_code/userData.js
Package xcolor Info: Setting color `{}{0 g 0 G}{gray}{0}' on input line 49.
Package xcolor Info: Setting color `{}{0 0 1 rg 0 0 1 RG}{rgb}{0,0,1}' on input
 line 49.
LaTeX Font Info:    Font shape `OT1/pcr/bx/n' in size <10> not available
(Font)              Font shape `OT1/pcr/b/n' tried instead on input line 49.
Package xcolor Info: Setting color `{}{0 g 0 G}{gray}{0}' on input line 49.
Package xcolor Info: Setting color `{}{0 0 1 rg 0 0 1 RG}{rgb}{0,0,1}' on input
 line 50.
Package xcolor Info: Setting color `{}{0 g 0 G}{gray}{0}' on input line 50.
Package xcolor Info: Setting color `{}{0 g 0 G}{gray}{0}' on input line 51.
Package xcolor Info: Setting color `{}{0 g 0 G}{gray}{0}' on input line 51.
Package xcolor Info: Setting color `{}{0 g 0 G}{gray}{0}' on input line 52.
Package xcolor Info: Setting color `{}{0 g 0 G}{gray}{0}' on input line 52.
Package xcolor Info: Setting color `{}{0 g 0 G}{gray}{0}' on input line 52.
Package xcolor Info: Setting color `{}{0 g 0 G}{gray}{0}' on input line 52.
Package xcolor Info: Setting color `{}{0 g 0 G}{gray}{0}' on input line 52.
Package xcolor Info: Setting color `{}{0 g 0 G}{gray}{0}' on input line 52.
Package xcolor Info: Setting color `{}{0 0 1 rg 0 0 1 RG}{rgb}{0,0,1}' on input
 line 53.
Package xcolor Info: Setting color `{}{0 g 0 G}{gray}{0}' on input line 54.
Package xcolor Info: Setting color `{}{0 g 0 G}{gray}{0}' on input line 54.
Package xcolor Info: Setting color `{}{0 g 0 G}{gray}{0}' on input line 55.
Package xcolor Info: Setting color `{}{0 g 0 G}{gray}{0}' on input line 55.
Package xcolor Info: Setting color `{}{0 g 0 G}{gray}{0}' on input line 55.
Package xcolor Info: Setting color `{}{0 g 0 G}{gray}{0}' on input line 55.
Package xcolor Info: Setting color `{}{0 g 0 G}{gray}{0}' on input line 57.
Package xcolor Info: Setting color `{}{0 g 0 G}{gray}{0}' on input line 57.
)
Package xcolor Info: Setting color `{}{0.75 g 0.75 G}{gray}{0.75}' on input lin
e 359.
Package xcolor Info: Setting color `{}{0.75 g 0.75 G}{gray}{0.75}' on input lin
e 359.
 [24]
Package xcolor Info: Setting color `{}{0.75 g 0.75 G}{gray}{0.75}' on input lin
e 364.
Package xcolor Info: Setting color `{}{0.75 g 0.75 G}{gray}{0.75}' on input lin
e 364.
Package xcolor Info: Setting color `{}{0.75 g 0.75 G}{gray}{0.75}' on input lin
e 364.
Package xcolor Info: Setting color `{}{0.75 g 0.75 G}{gray}{0.75}' on input lin
e 364.
Package xcolor Info: Setting color `{}{0.75 g 0.75 G}{gray}{0.75}' on input lin
e 364.
Package xcolor Info: Setting color `{}{0.75 g 0.75 G}{gray}{0.75}' on input lin
e 364.
Package xcolor Info: Setting color `{}{0.75 g 0.75 G}{gray}{0.75}' on input lin
e 364.
 (./source_code/session.js
Package xcolor Info: Setting color `{}{0 0 1 rg 0 0 1 RG}{rgb}{0,0,1}' on input
 line 48.
Package xcolor Info: Setting color `{}{0 g 0 G}{gray}{0}' on input line 48.
Package xcolor Info: Setting color `{}{0 g 0 G}{gray}{0}' on input line 48.
Package xcolor Info: Setting color `{}{0 g 0 G}{gray}{0}' on input line 48.
Package xcolor Info: Setting color `{}{0 0 1 rg 0 0 1 RG}{rgb}{0,0,1}' on input
 line 49.
Package xcolor Info: Setting color `{}{0 g 0 G}{gray}{0}' on input line 49.
Package xcolor Info: Setting color `{}{0 g 0 G}{gray}{0}' on input line 49.
Package xcolor Info: Setting color `{}{0 0 1 rg 0 0 1 RG}{rgb}{0,0,1}' on input
 line 50.
Package xcolor Info: Setting color `{}{0 g 0 G}{gray}{0}' on input line 50.
Package xcolor Info: Setting color `{}{0 0 1 rg 0 0 1 RG}{rgb}{0,0,1}' on input
 line 51.
Package xcolor Info: Setting color `{}{0 g 0 G}{gray}{0}' on input line 52.
Package xcolor Info: Setting color `{}{0 0 1 rg 0 0 1 RG}{rgb}{0,0,1}' on input
 line 52.
Package xcolor Info: Setting color `{}{0 g 0 G}{gray}{0}' on input line 52.
Package xcolor Info: Setting color `{}{0 g 0 G}{gray}{0}' on input line 52.
Package xcolor Info: Setting color `{}{0 g 0 G}{gray}{0}' on input line 52.
Package xcolor Info: Setting color `{}{0 g 0 G}{gray}{0}' on input line 52.
Package xcolor Info: Setting color `{}{0 g 0 G}{gray}{0}' on input line 52.
Package xcolor Info: Setting color `{}{0 g 0 G}{gray}{0}' on input line 53.
Package xcolor Info: Setting color `{}{0 0 1 rg 0 0 1 RG}{rgb}{0,0,1}' on input
 line 53.
Package xcolor Info: Setting color `{}{0 g 0 G}{gray}{0}' on input line 53.
Package xcolor Info: Setting color `{}{0 g 0 G}{gray}{0}' on input line 53.
Package xcolor Info: Setting color `{}{0 g 0 G}{gray}{0}' on input line 53.
Package xcolor Info: Setting color `{}{0 g 0 G}{gray}{0}' on input line 53.
Package xcolor Info: Setting color `{}{0 g 0 G}{gray}{0}' on input line 53.
Package xcolor Info: Setting color `{}{0 0 1 rg 0 0 1 RG}{rgb}{0,0,1}' on input
 line 54.
Package xcolor Info: Setting color `{}{0 g 0 G}{gray}{0}' on input line 54.
Package xcolor Info: Setting color `{}{0 g 0 G}{gray}{0}' on input line 54.
Package xcolor Info: Setting color `{}{0 g 0 G}{gray}{0}' on input line 54.
Package xcolor Info: Setting color `{}{0 g 0 G}{gray}{0}' on input line 54.
Package xcolor Info: Setting color `{}{0 g 0 G}{gray}{0}' on input line 54.
Package xcolor Info: Setting color `{}{0 g 0 G}{gray}{0}' on input line 54.
Package xcolor Info: Setting color `{}{0 g 0 G}{gray}{0}' on input line 55.
Package xcolor Info: Setting color `{}{0 g 0 G}{gray}{0}' on input line 55.
Package xcolor Info: Setting color `{}{0 g 0 G}{gray}{0}' on input line 55.
Package xcolor Info: Setting color `{}{0 0 1 rg 0 0 1 RG}{rgb}{0,0,1}' on input
 line 56.
Package xcolor Info: Setting color `{}{0 0 1 rg 0 0 1 RG}{rgb}{0,0,1}' on input
 line 61.
Package xcolor Info: Setting color `{}{0 g 0 G}{gray}{0}' on input line 61.
)
Package xcolor Info: Setting color `{}{0.75 g 0.75 G}{gray}{0.75}' on input lin
e 364.
Package xcolor Info: Setting color `{}{0.75 g 0.75 G}{gray}{0.75}' on input lin
e 364.
Package xcolor Info: Setting color `{}{0.75 g 0.75 G}{gray}{0.75}' on input lin
e 366.
Package xcolor Info: Setting color `{}{0.75 g 0.75 G}{gray}{0.75}' on input lin
e 366.
Package xcolor Info: Setting color `{}{0.75 g 0.75 G}{gray}{0.75}' on input lin
e 366.
Package xcolor Info: Setting color `{}{0.75 g 0.75 G}{gray}{0.75}' on input lin
e 366.
Package xcolor Info: Setting color `{}{0.75 g 0.75 G}{gray}{0.75}' on input lin
e 366.
Package xcolor Info: Setting color `{}{0.75 g 0.75 G}{gray}{0.75}' on input lin
e 366.
Package xcolor Info: Setting color `{}{0.75 g 0.75 G}{gray}{0.75}' on input lin
e 366.

(./source_code/userData.js
Package xcolor Info: Setting color `{}{0 g 0 G}{gray}{0}' on input line 32.
Package xcolor Info: Setting color `{}{0 0 1 rg 0 0 1 RG}{rgb}{0,0,1}' on input
 line 32.
Package xcolor Info: Setting color `{}{0 g 0 G}{gray}{0}' on input line 32.
Package xcolor Info: Setting color `{}{0 g 0 G}{gray}{0}' on input line 32.
Package xcolor Info: Setting color `{}{0 g 0 G}{gray}{0}' on input line 33.
Package xcolor Info: Setting color `{}{0 g 0 G}{gray}{0}' on input line 33.
Package xcolor Info: Setting color `{}{0 g 0 G}{gray}{0}' on input line 33.
Package xcolor Info: Setting color `{}{0 g 0 G}{gray}{0}' on input line 33.
Package xcolor Info: Setting color `{}{0 g 0 G}{gray}{0}' on input line 34.
Package xcolor Info: Setting color `{}{0 g 0 G}{gray}{0}' on input line 34.
Package xcolor Info: Setting color `{}{0 g 0 G}{gray}{0}' on input line 34.
Package xcolor Info: Setting color `{}{0 g 0 G}{gray}{0}' on input line 34.
)
Package xcolor Info: Setting color `{}{0.75 g 0.75 G}{gray}{0.75}' on input lin
e 366.
Package xcolor Info: Setting color `{}{0.75 g 0.75 G}{gray}{0.75}' on input lin
e 366.
 [25] [26]
Package xcolor Info: Setting color `{}{0.75 g 0.75 G}{gray}{0.75}' on input lin
e 384.
Package xcolor Info: Setting color `{}{0.75 g 0.75 G}{gray}{0.75}' on input lin
e 384.
Package xcolor Info: Setting color `{}{0.75 g 0.75 G}{gray}{0.75}' on input lin
e 384.
Package xcolor Info: Setting color `{}{0.75 g 0.75 G}{gray}{0.75}' on input lin
e 384.
Package xcolor Info: Setting color `{}{0.75 g 0.75 G}{gray}{0.75}' on input lin
e 384.
Package xcolor Info: Setting color `{}{0.75 g 0.75 G}{gray}{0.75}' on input lin
e 384.
Package xcolor Info: Setting color `{}{0.75 g 0.75 G}{gray}{0.75}' on input lin
e 384.
 (./source_code/gui.js
Package xcolor Info: Setting color `{}{0 g 0 G}{gray}{0}' on input line 153.
Package xcolor Info: Setting color `{}{0 0 1 rg 0 0 1 RG}{rgb}{0,0,1}' on input
 line 153.
Package xcolor Info: Setting color `{}{0 g 0 G}{gray}{0}' on input line 154.
Package xcolor Info: Setting color `{}{0 g 0 G}{gray}{0}' on input line 154.
Package xcolor Info: Setting color `{}{0 g 0 G}{gray}{0}' on input line 155.
Package xcolor Info: Setting color `{}{0 g 0 G}{gray}{0}' on input line 155.
Package xcolor Info: Setting color `{}{0 g 0 G}{gray}{0}' on input line 156.
Package xcolor Info: Setting color `{}{0 g 0 G}{gray}{0}' on input line 156.
Package xcolor Info: Setting color `{}{0 g 0 G}{gray}{0}' on input line 157.
Package xcolor Info: Setting color `{}{0 g 0 G}{gray}{0}' on input line 157.
Package xcolor Info: Setting color `{}{0 g 0 G}{gray}{0}' on input line 158.
Package xcolor Info: Setting color `{}{0 g 0 G}{gray}{0}' on input line 158.
Package xcolor Info: Setting color `{}{0 g 0 G}{gray}{0}' on input line 159.
Package xcolor Info: Setting color `{}{0 g 0 G}{gray}{0}' on input line 159.
Package xcolor Info: Setting color `{}{0 0 1 rg 0 0 1 RG}{rgb}{0,0,1}' on input
 line 161.
Package xcolor Info: Setting color `{}{0 g 0 G}{gray}{0}' on input line 161.
Package xcolor Info: Setting color `{}{0 g 0 G}{gray}{0}' on input line 161.
Package xcolor Info: Setting color `{}{0 g 0 G}{gray}{0}' on input line 161.
Package xcolor Info: Setting color `{}{0 g 0 G}{gray}{0}' on input line 161.
Package xcolor Info: Setting color `{}{0 g 0 G}{gray}{0}' on input line 161.
Package xcolor Info: Setting color `{}{0 g 0 G}{gray}{0}' on input line 162.
Package xcolor Info: Setting color `{}{0 g 0 G}{gray}{0}' on input line 162.
Package xcolor Info: Setting color `{}{0 g 0 G}{gray}{0}' on input line 162.
Package xcolor Info: Setting color `{}{0 g 0 G}{gray}{0}' on input line 162.
Package xcolor Info: Setting color `{}{0 g 0 G}{gray}{0}' on input line 162.
Package xcolor Info: Setting color `{}{0 g 0 G}{gray}{0}' on input line 162.
Package xcolor Info: Setting color `{}{0 g 0 G}{gray}{0}' on input line 162.
)
Package xcolor Info: Setting color `{}{0.75 g 0.75 G}{gray}{0.75}' on input lin
e 384.
Package xcolor Info: Setting color `{}{0.75 g 0.75 G}{gray}{0.75}' on input lin
e 384.
Package xcolor Info: Setting color `{}{0.75 g 0.75 G}{gray}{0.75}' on input lin
e 386.
Package xcolor Info: Setting color `{}{0.75 g 0.75 G}{gray}{0.75}' on input lin
e 386.
Package xcolor Info: Setting color `{}{0.75 g 0.75 G}{gray}{0.75}' on input lin
e 386.
Package xcolor Info: Setting color `{}{0.75 g 0.75 G}{gray}{0.75}' on input lin
e 386.
Package xcolor Info: Setting color `{}{0.75 g 0.75 G}{gray}{0.75}' on input lin
e 386.
Package xcolor Info: Setting color `{}{0.75 g 0.75 G}{gray}{0.75}' on input lin
e 386.
Package xcolor Info: Setting color `{}{0.75 g 0.75 G}{gray}{0.75}' on input lin
e 386.

(./source_code/main.js
Package xcolor Info: Setting color `{}{0 0 1 rg 0 0 1 RG}{rgb}{0,0,1}' on input
 line 11.
Package xcolor Info: Setting color `{}{0 g 0 G}{gray}{0}' on input line 11.
Package xcolor Info: Setting color `{}{0 g 0 G}{gray}{0}' on input line 12.
Package xcolor Info: Setting color `{}{0 g 0 G}{gray}{0}' on input line 12.
Package xcolor Info: Setting color `{}{0 g 0 G}{gray}{0}' on input line 13.
Package xcolor Info: Setting color `{}{0 g 0 G}{gray}{0}' on input line 13.
)
Package xcolor Info: Setting color `{}{0.75 g 0.75 G}{gray}{0.75}' on input lin
e 386.
Package xcolor Info: Setting color `{}{0.75 g 0.75 G}{gray}{0.75}' on input lin
e 386.
 [27]
Chapter 5.
Package xcolor Info: Setting color `{}{0.6 0.6 0.6 rg 0.6 0.6 0.6 RG}{rgb}{0.6,
0.6,0.6}' on input line 388.
[28

]
Chapter 6.
Package xcolor Info: Setting color `{}{0.6 0.6 0.6 rg 0.6 0.6 0.6 RG}{rgb}{0.6,
0.6,0.6}' on input line 392.
No file thesis.bbl.
Package atveryend Info: Empty hook `BeforeClearDocument' on input line 403.
[29

]
Package atveryend Info: Empty hook `AfterLastShipout' on input line 403.
 (./thesis.aux)
Package atveryend Info: Executing hook `AtVeryEndDocument' on input line 403.
Package atveryend Info: Executing hook `AtEndAfterFileList' on input line 403.
Package rerunfilecheck Info: File `thesis.out' has not changed.
(rerunfilecheck)             Checksum: 52B8EF4849695858014A294FBA6DD9CE;1521.
Package atveryend Info: Empty hook `AtVeryVeryEnd' on input line 403.
 ) 
Here is how much of TeX's memory you used:
 18612 strings out of 493089
 318385 string characters out of 6134843
 487978 words of memory out of 5000000
 21490 multiletter control sequences out of 15000+600000
 45705 words of font info for 162 fonts, out of 8000000 for 9000
 1141 hyphenation exceptions out of 8191
 47i,7n,40p,10456b,1106s stack positions out of 5000i,500n,10000p,200000b,80000s
{/usr/local/texlive/2015/texmf-dist/fonts/enc/dvips/base/8r.enc}</usr/local/t
exlive/2015/texmf-dist/fonts/type1/public/amsfonts/cm/cmmi12.pfb></usr/local/te
xlive/2015/texmf-dist/fonts/type1/public/amsfonts/cm/cmr12.pfb></usr/local/texl
ive/2015/texmf-dist/fonts/type1/public/amsfonts/cm/cmsy10.pfb></usr/local/texli
ve/2015/texmf-dist/fonts/type1/adobe/utopia/putb8a.pfb></usr/local/texlive/2015
/texmf-dist/fonts/type1/urw/courier/ucrb8a.pfb></usr/local/texlive/2015/texmf-d
ist/fonts/type1/urw/courier/ucrr8a.pfb></usr/local/texlive/2015/texmf-dist/font
s/type1/urw/times/utmb8a.pfb></usr/local/texlive/2015/texmf-dist/fonts/type1/ur
w/times/utmr8a.pfb></usr/local/texlive/2015/texmf-dist/fonts/type1/urw/times/ut
mr8a.pfb>
Output written on thesis.pdf (32 pages, 1349715 bytes).
PDF statistics:
 432 PDF objects out of 1000 (max. 8388607)
 348 compressed objects within 4 object streams
 126 named destinations out of 1000 (max. 500000)
 23325 words of extra memory for PDF output out of 24883 (max. 10000000)

