\BOOKMARK [0][-]{chapter.1}{1 Introduction}{}% 1
\BOOKMARK [0][-]{chapter.2}{2 Related Work}{}% 2
\BOOKMARK [0][-]{chapter.3}{3 The Design}{}% 3
\BOOKMARK [1][-]{section.3.1}{3.1 Login screen}{chapter.3}% 4
\BOOKMARK [1][-]{section.3.2}{3.2 Main screen}{chapter.3}% 5
\BOOKMARK [2][-]{subsection.3.2.1}{3.2.1 Time}{section.3.2}% 6
\BOOKMARK [2][-]{subsection.3.2.2}{3.2.2 Words}{section.3.2}% 7
\BOOKMARK [2][-]{subsection.3.2.3}{3.2.3 Background}{section.3.2}% 8
\BOOKMARK [2][-]{subsection.3.2.4}{3.2.4 Buttons}{section.3.2}% 9
\BOOKMARK [2][-]{subsection.3.2.5}{3.2.5 Information components}{section.3.2}% 10
\BOOKMARK [2][-]{subsection.3.2.6}{3.2.6 Option lists}{section.3.2}% 11
\BOOKMARK [2][-]{subsection.3.2.7}{3.2.7 Profile}{section.3.2}% 12
\BOOKMARK [2][-]{subsection.3.2.8}{3.2.8 Effects}{section.3.2}% 13
\BOOKMARK [0][-]{chapter.4}{4 The Implementation}{}% 14
\BOOKMARK [1][-]{section.4.1}{4.1 Flash card algorithm}{chapter.4}% 15
\BOOKMARK [1][-]{section.4.2}{4.2 Getting new words from the server}{chapter.4}% 16
\BOOKMARK [1][-]{section.4.3}{4.3 Usage Tracking}{chapter.4}% 17
\BOOKMARK [2][-]{subsection.4.3.1}{4.3.1 Events}{section.4.3}% 18
\BOOKMARK [2][-]{subsection.4.3.2}{4.3.2 Clicktracking}{section.4.3}% 19
\BOOKMARK [1][-]{section.4.4}{4.4 Changing the watchface and sending and saving}{chapter.4}% 20
\BOOKMARK [1][-]{section.4.5}{4.5 Drawing the userinterface}{chapter.4}% 21
\BOOKMARK [0][-]{chapter.5}{5 The Evaluation}{}% 22
\BOOKMARK [0][-]{chapter.6}{6 Conclusion and Future Work}{}% 23
